<?xml version="1.0" encoding="UTF-8"?>
<?totaltestVersion 20.7.2.v20210723-0450_131?>
<!--Topaz for Total Test 20.7.2.v20210723-0450_131 Oct 15, 2021 2:38:42 PM-->
<testsuites>
  <testsuite name="CICS_Loop" errors="0" tests="4" failures="0">
    <testcase classname="CICS_Loop" name="Functional Test: LGICUS01" />
    <testcase classname="CICS_Loop" name="Functional Test: LGICUS01" />
    <testcase classname="CICS_Loop" name="Functional Test: LGICUS01" />
    <testcase classname="CICS_Loop" name="Functional Test: LGICUS01" />
  </testsuite>
</testsuites>
