<?xml version="1.0" encoding="UTF-8"?>
<?totaltestVersion 20.7.2.v20210723-0450_131?>
<!--Topaz for Total Test 20.7.2.v20210723-0450_131 Oct 14, 2021 11:06:33 AM-->
<testsuites>
  <testsuite name="CWXTCOB_Standard" errors="0" tests="17" failures="1">
    <testcase classname="CWXTCOB_Standard" name="Job Submit: Prepare Input Dataset" />
    <testcase classname="CWXTCOB_Standard" name="Job Submit: Set Date" />
    <testcase classname="CWXTCOB_Standard" name="Job Submit: Job" />
    <testcase classname="CWXTCOB_Standard" name="Verify: Total" />
    <testcase classname="CWXTCOB_Standard" name="Verify: Total" />
    <testcase classname="CWXTCOB_Standard" name="Verify: Total" />
    <testcase classname="CWXTCOB_Standard" name="Verify: Total" />
    <testcase classname="CWXTCOB_Standard" name="Verify: Total" />
    <testcase classname="CWXTCOB_Standard" name="Verify: Total" />
    <testcase classname="CWXTCOB_Standard" name="Verify: Total" />
    <testcase classname="CWXTCOB_Standard" name="Verify: Total" />
    <testcase classname="CWXTCOB_Standard" name="Verify: Total" />
    <testcase classname="CWXTCOB_Standard" name="Verify: Total" />
    <testcase classname="CWXTCOB_Standard" name="Verify: Total" />
    <testcase classname="CWXTCOB_Standard" name="Verify: Total" />
    <testcase classname="CWXTCOB_Standard" name="Job Submit: Remove Date" />
    <testcase classname="CWXTCOB_Standard" name="Verify: Verify Demo">
      <failure>Values are not equal. Actual:VALERIE OLSEN Expected:RALPH NUESSE. Actual item path: . Expected item path:</failure>
    </testcase>
  </testsuite>
</testsuites>
