<?xml version="1.0" encoding="UTF-8"?>
<?totaltestVersion 20.7.2.v20210723-0450_131?>
<!--Topaz for Total Test 20.7.2.v20210723-0450_131 Oct 6, 2021 10:32:16 AM-->
<testsuites>
  <testsuite name="Excel_02_Drive_LGICUS01" errors="0" tests="3" failures="2">
    <testcase classname="Excel_02_Drive_LGICUS01" name="Functional Test: LGICUS01">
      <failure>DataItem: /dfhcommarea/ca-customer-request/ca-first-name. Actual value is different from expected. Actual value: ANDREW Expected value: Andrew. Actual item path: /dfhcommarea/ca-customer-request/ca-first-name. Expected item path:&#xD;
DataItem: /dfhcommarea/ca-customer-request/ca-last-name. Actual value is different from expected. Actual value: PANDY Expected value: Pandy. Actual item path: /dfhcommarea/ca-customer-request/ca-last-name. Expected item path:&#xD;
DataItem: /dfhcommarea/ca-customer-request/ca-email-address. Actual value is different from expected. Actual value: A.PANDY@BROOKSIDE.COM Expected value: a.pandy@brookside.com. Actual item path: /dfhcommarea/ca-customer-request/ca-email-address. Expected item path:&#xD;
DataItem: /dfhcommarea/ca-customer-request/ca-city. Actual value is different from expected. Actual value: MAHOPAC Expected value: Mahopac. Actual item path: /dfhcommarea/ca-customer-request/ca-city. Expected item path:</failure>
    </testcase>
    <testcase classname="Excel_02_Drive_LGICUS01" name="Functional Test: LGICUS01">
      <failure>DataItem: /dfhcommarea/ca-customer-request/ca-first-name. Actual value is different from expected. Actual value: SCOTT Expected value: Scott. Actual item path: /dfhcommarea/ca-customer-request/ca-first-name. Expected item path:&#xD;
DataItem: /dfhcommarea/ca-customer-request/ca-last-name. Actual value is different from expected. Actual value: TRACEY Expected value: Tracei. Actual item path: /dfhcommarea/ca-customer-request/ca-last-name. Expected item path:&#xD;
DataItem: /dfhcommarea/ca-customer-request/ca-email-address. Actual value is different from expected. Actual value: STRACEY@GAHOLDINGS.COM Expected value: stracey@gaholdings.com. Actual item path: /dfhcommarea/ca-customer-request/ca-email-address. Expected item path:&#xD;
DataItem: /dfhcommarea/ca-customer-request/ca-city. Actual value is different from expected. Actual value: ATTLEBORO Expected value: Attleboro. Actual item path: /dfhcommarea/ca-customer-request/ca-city. Expected item path:</failure>
    </testcase>
    <testcase classname="Excel_02_Drive_LGICUS01" name="Functional Test: LGICUS01" />
  </testsuite>
</testsuites>
