<?xml version="1.0" encoding="UTF-8"?>
<?totaltestVersion 20.7.2.v20210723-0450_131?>
<!--Topaz for Total Test 20.7.2.v20210723-0450_131 Oct 6, 2021 12:27:49 PM-->
<testsuites>
  <testsuite name="Rest" errors="0" tests="6" failures="3">
    <testcase classname="Rest" name="REST Service" />
    <testcase classname="Rest" name="REST Service" />
    <testcase classname="Rest" name="REST Service">
      <failure>Http status code 200 was NOT verified to be accepted by the expression: value==409. The expression returned: false&#xD;
Response body was not equal the expected result</failure>
    </testcase>
    <testcase classname="Rest" name="REST Service">
      <failure>Response body was not equal the expected result</failure>
    </testcase>
    <testcase classname="Rest" name="Verify: Verify Stream" />
    <testcase classname="Rest" name="Verify: Verify Description">
      <failure>Values are not equal. Actual:Push to development Expected:Push to feature/FT2/demo_feature. Actual item path: . Expected item path:</failure>
    </testcase>
  </testsuite>
</testsuites>
