<?xml version="1.0" encoding="UTF-8"?>
<?totaltestVersion 20.7.2.v20210723-0450_131?>
<!--Topaz for Total Test 20.7.2.v20210723-0450_131 Oct 13, 2021 4:41:00 PM-->
<testsuites>
  <testsuite name="Verify_04_total_record" errors="0" tests="3" failures="0">
    <testcase classname="Verify_04_total_record" name="Job Submit: Prepare Input Dataset" />
    <testcase classname="Verify_04_total_record" name="Job Submit: Run Test" />
    <testcase classname="Verify_04_total_record" name="Verify: Verify Total Amount" />
  </testsuite>
</testsuites>
