<?xml version="1.0" encoding="UTF-8"?>
<?totaltestVersion 20.7.2.v20210723-0450_131?>
<!--Topaz for Total Test 20.7.2.v20210723-0450_131 Oct 5, 2021 9:48:06 AM-->
<testsuites>
  <testsuite name="Verify_06_total_record_and_detail_records" errors="0" tests="16" failures="0">
    <testcase classname="Verify_06_total_record_and_detail_records" name="Job Submit: Prepare Input Dataset" />
    <testcase classname="Verify_06_total_record_and_detail_records" name="Job Submit: Run Test" />
    <testcase classname="Verify_06_total_record_and_detail_records" name="Verify: Verify" />
    <testcase classname="Verify_06_total_record_and_detail_records" name="Verify: Verify" />
    <testcase classname="Verify_06_total_record_and_detail_records" name="Verify: Verify" />
    <testcase classname="Verify_06_total_record_and_detail_records" name="Verify: Verify" />
    <testcase classname="Verify_06_total_record_and_detail_records" name="Verify: Verify" />
    <testcase classname="Verify_06_total_record_and_detail_records" name="Verify: Verify" />
    <testcase classname="Verify_06_total_record_and_detail_records" name="Verify: Verify" />
    <testcase classname="Verify_06_total_record_and_detail_records" name="Verify: Verify" />
    <testcase classname="Verify_06_total_record_and_detail_records" name="Verify: Verify" />
    <testcase classname="Verify_06_total_record_and_detail_records" name="Verify: Verify" />
    <testcase classname="Verify_06_total_record_and_detail_records" name="Verify: Verify" />
    <testcase classname="Verify_06_total_record_and_detail_records" name="Verify: Verify" />
    <testcase classname="Verify_06_total_record_and_detail_records" name="Verify: Verify" />
    <testcase classname="Verify_06_total_record_and_detail_records" name="Verify: Verify Total Amount" />
  </testsuite>
</testsuites>
