<?xml version="1.0" encoding="UTF-8"?>
<?totaltestVersion 20.7.2.v20210723-0450_131?>
<!--Topaz for Total Test 20.7.2.v20210723-0450_131 Oct 5, 2021 10:38:09 AM-->
<testsuites>
  <testsuite name="Verify_05_total_record_if" errors="0" tests="3" failures="0">
    <testcase classname="Verify_05_total_record_if" name="Job Submit: Prepare Input Dataset" />
    <testcase classname="Verify_05_total_record_if" name="Job Submit: Run Test" />
    <testcase classname="Verify_05_total_record_if" name="Verify: Verify Total Amount" />
  </testsuite>
</testsuites>
