<?xml version="1.0" encoding="UTF-8"?>
<?totaltestVersion 20.7.2.v20210723-0450_131?>
<!--Topaz for Total Test 20.7.2.v20210723-0450_131 Oct 5, 2021 10:01:57 AM-->
<testsuites>
  <testsuite name="Verify_01_returncode" errors="0" tests="3" failures="1">
    <testcase classname="Verify_01_returncode" name="Job Submit: Prepare Input Dataset" />
    <testcase classname="Verify_01_returncode" name="Job Submit: Run Test" />
    <testcase classname="Verify_01_returncode" name="Verify: Verify &quot;ReturnCode&quot;">
      <failure>Values are not equal. Actual:0000 Expected:0008. Actual item path: . Expected item path:</failure>
    </testcase>
  </testsuite>
</testsuites>
